[debug] > Exec(early(addDefaultCommands), None, None)
[debug] > Exec(addDefaultCommands, None, None)
[debug] > Exec(early(initialize), None, None)
[debug] > Exec(initialize, None, None)
[debug] > Exec(boot, None, None)
[debug] > Exec(writeSbtVersion, None, None)
[debug] > Exec(reload, None, None)
[debug] > Exec(sbtStashOnFailure, None, None)
[debug] > Exec(onFailure loadFailed, None, None)
[debug] > Exec(loadp, None, None)
[info] welcome to sbt 1.4.3 (Oracle Corporation Java 1.8.0_241)
[debug]       Load.loadUnit: plugins took 102.3341ms
[debug]       Load.loadUnit: defsScala took 0.1771ms
[debug] [Loading] Scanning directory C:\Users\30778\.sbt\1.0\plugins
[debug] [Loading] Found non-root projects 
[debug] [Loading] Done in C:\Users\30778\.sbt\1.0\plugins, returning: ()
[debug] deducing auto plugins based on known facts Set(Atom(sbt.plugins.CorePlugin)) and clauses Clauses(List(Clause(Atom(sbt.plugins.JvmPlugin),Set(Atom(sbt.plugins.IvyPlugin))), Clause(Atom(sbt.ScriptedPlugin),Set(Atom(sbt.plugins.JvmPlugin))), Clause(Atom(sbt.plugins.SbtPlugin),Set(Atom(sbt.ScriptedPlugin))), Clause(Atom(sbt.plugins.SemanticdbPlugin),Set(Atom(sbt.plugins.JvmPlugin))), Clause(Atom(sbt.plugins.JUnitXmlReportPlugin),Set(Atom(sbt.plugins.JvmPlugin))), Clause(Atom(sbt.plugins.MiniDependencyTreePlugin),Set(Atom(sbt.plugins.JvmPlugin))), Clause(Atom(sbt.plugins.CorePlugin),Set(Atom(sbt.plugins.IvyPlugin))), Clause(Atom(sbt.plugins.IvyPlugin),Set(Atom(sbt.plugins.JvmPlugin))), Clause(Atom(sbt.plugins.JvmPlugin),Set(Atom(sbt.plugins.SemanticdbPlugin))), Clause(Atom(sbt.plugins.JvmPlugin),Set(Atom(sbt.plugins.JUnitXmlReportPlugin))), Clause(Atom(sbt.plugins.CorePlugin),Set(Atom(sbt.plugins.Giter8TemplatePlugin))), Clause(Atom(sbt.plugins.JvmPlugin),Set(Atom(sbt.plugins.MiniDependencyTreePlugin)))))
[debug]   :: deduced result: Matched(sbt.plugins.CorePlugin,sbt.plugins.Giter8TemplatePlugin,sbt.plugins.IvyPlugin,sbt.plugins.JvmPlugin,sbt.plugins.MiniDependencyTreePlugin,sbt.plugins.JUnitXmlReportPlugin,sbt.plugins.SemanticdbPlugin)
[debug] Plugins.deducer#function took 12.1032 ms
[debug]           Load.resolveProject(global-plugins) took 25.8571ms
[debug]         Load.loadTransitive: finalizeProject(Project(id global-plugins, base: C:\Users\30778\.sbt\1.0\plugins, plugins: List(<none>))) took 55.4608ms
[debug] [Loading] Done in C:\Users\30778\.sbt\1.0\plugins, returning: (global-plugins)
[debug]       Load.loadUnit: loadedProjectsRaw took 1728.5409ms
[debug]       Load.loadUnit: cleanEvalClasses took 0.1325ms
[debug]     Load.loadUnit(file:/C:/Users/30778/.sbt/1.0/plugins/, ...) took 1835.5099ms
[debug]   Load.apply: load took 1920.6809ms
[debug]   Load.apply: resolveProjects took 3.3044ms
[debug]   Load.apply: finalTransforms took 30.4416ms
[debug]   Load.apply: config.delegates took 4.7947ms
[debug]   Load.apply: Def.make(settings)... took 2092.5746ms
[debug]   Load.apply: structureIndex took 62.7852ms
[debug]   Load.apply: mkStreams took 1.0229ms
[info] loading global plugins from C:\Users\30778\.sbt\1.0\plugins
[debug] Running task... Cancel: Signal, check cycles: false, forcegc: true
[debug] Load.defaultLoad until apply took 9304.016ms
[debug]           Load.loadUnit: plugins took 37.1431ms
[debug]           Load.loadUnit: defsScala took 0.0038ms
[debug] [Loading] Scanning directory E:\Spark_Core_main\project
[debug] [Loading] Found non-root projects 
[debug] [Loading] Done in E:\Spark_Core_main\project, returning: ()
[debug] deducing auto plugins based on known facts Set(Atom(sbt.plugins.CorePlugin)) and clauses Clauses(List(Clause(Atom(sbt.plugins.JvmPlugin),Set(Atom(sbt.plugins.IvyPlugin))), Clause(Atom(sbt.ScriptedPlugin),Set(Atom(sbt.plugins.JvmPlugin))), Clause(Atom(sbt.plugins.SbtPlugin),Set(Atom(sbt.ScriptedPlugin))), Clause(Atom(sbt.plugins.SemanticdbPlugin),Set(Atom(sbt.plugins.JvmPlugin))), Clause(Atom(sbt.plugins.JUnitXmlReportPlugin),Set(Atom(sbt.plugins.JvmPlugin))), Clause(Atom(sbt.plugins.MiniDependencyTreePlugin),Set(Atom(sbt.plugins.JvmPlugin))), Clause(Atom(sbt.plugins.CorePlugin),Set(Atom(sbt.plugins.IvyPlugin))), Clause(Atom(sbt.plugins.IvyPlugin),Set(Atom(sbt.plugins.JvmPlugin))), Clause(Atom(sbt.plugins.JvmPlugin),Set(Atom(sbt.plugins.SemanticdbPlugin))), Clause(Atom(sbt.plugins.JvmPlugin),Set(Atom(sbt.plugins.JUnitXmlReportPlugin))), Clause(Atom(sbt.plugins.CorePlugin),Set(Atom(sbt.plugins.Giter8TemplatePlugin))), Clause(Atom(sbt.plugins.JvmPlugin),Set(Atom(sbt.plugins.MiniDependencyTreePlugin)))))
[debug]   :: deduced result: Matched(sbt.plugins.CorePlugin,sbt.plugins.Giter8TemplatePlugin,sbt.plugins.IvyPlugin,sbt.plugins.JvmPlugin,sbt.plugins.MiniDependencyTreePlugin,sbt.plugins.JUnitXmlReportPlugin,sbt.plugins.SemanticdbPlugin)
[debug] Plugins.deducer#function took 3.4071 ms
[debug]               Load.resolveProject(spark_core_main-build) took 1.5714ms
[debug]             Load.loadTransitive: finalizeProject(Project(id spark_core_main-build, base: E:\Spark_Core_main\project, plugins: List(<none>))) took 5.7417ms
[debug] [Loading] Done in E:\Spark_Core_main\project, returning: (spark_core_main-build)
[debug]           Load.loadUnit: loadedProjectsRaw took 8.8365ms
[debug]           Load.loadUnit: cleanEvalClasses took 0.0109ms
[debug]         Load.loadUnit(file:/E:/Spark_Core_main/project/, ...) took 46.7176ms
[debug]       Load.apply: load took 48.2424ms
[debug]       Load.apply: resolveProjects took 0.2075ms
[debug]       Load.apply: finalTransforms took 11.4572ms
[debug]       Load.apply: config.delegates took 0.4156ms
[debug]       Load.apply: Def.make(settings)... took 146.0364ms
[debug]       Load.apply: structureIndex took 33.3956ms
[debug]       Load.apply: mkStreams took 0.0051ms
[info] loading project definition from E:\Spark_Core_main\project
[debug] Running task... Cancel: Signal, check cycles: false, forcegc: true
[debug]     Load.loadUnit: plugins took 11954.333ms
[debug]     Load.loadUnit: defsScala took 0.0075ms
[debug] [Loading] Scanning directory E:\Spark_Core_main
[debug]       Load.loadUnit: mkEval took 12.0445ms
[debug] [Loading] Found non-root projects 
[debug] [Loading] Done in E:\Spark_Core_main, returning: ()
[debug] deducing auto plugins based on known facts Set(Atom(sbt.plugins.CorePlugin)) and clauses Clauses(List(Clause(Atom(sbt.plugins.JvmPlugin),Set(Atom(sbt.plugins.IvyPlugin))), Clause(Atom(sbt.ScriptedPlugin),Set(Atom(sbt.plugins.JvmPlugin))), Clause(Atom(sbt.plugins.SbtPlugin),Set(Atom(sbt.ScriptedPlugin))), Clause(Atom(sbt.plugins.SemanticdbPlugin),Set(Atom(sbt.plugins.JvmPlugin))), Clause(Atom(sbt.plugins.JUnitXmlReportPlugin),Set(Atom(sbt.plugins.JvmPlugin))), Clause(Atom(sbt.plugins.MiniDependencyTreePlugin),Set(Atom(sbt.plugins.JvmPlugin))), Clause(Atom(sbt.plugins.CorePlugin),Set(Atom(sbt.plugins.IvyPlugin))), Clause(Atom(sbt.plugins.IvyPlugin),Set(Atom(sbt.plugins.JvmPlugin))), Clause(Atom(sbt.plugins.JvmPlugin),Set(Atom(sbt.plugins.SemanticdbPlugin))), Clause(Atom(sbt.plugins.JvmPlugin),Set(Atom(sbt.plugins.JUnitXmlReportPlugin))), Clause(Atom(sbt.plugins.CorePlugin),Set(Atom(sbt.plugins.Giter8TemplatePlugin))), Clause(Atom(sbt.plugins.JvmPlugin),Set(Atom(sbt.plugins.MiniDependencyTreePlugin)))))
[debug]   :: deduced result: Matched(sbt.plugins.CorePlugin,sbt.plugins.Giter8TemplatePlugin,sbt.plugins.IvyPlugin,sbt.plugins.JvmPlugin,sbt.plugins.MiniDependencyTreePlugin,sbt.plugins.JUnitXmlReportPlugin,sbt.plugins.SemanticdbPlugin)
[debug] Plugins.deducer#function took 2.8752 ms
[info] loading settings for project spark_core_main from build.sbt ...
[debug]         Load.resolveProject(spark_core_main) took 3.7084ms
[debug]       Load.loadTransitive: finalizeProject(Project(id spark_core_main, base: E:\Spark_Core_main, plugins: List(<none>))) took 7.6015ms
[debug] [Loading] Done in E:\Spark_Core_main, returning: (spark_core_main)
[debug]     Load.loadUnit: loadedProjectsRaw took 2792.8682ms
[debug]     Load.loadUnit: cleanEvalClasses took 27.2005ms
[debug]   Load.loadUnit(file:/E:/Spark_Core_main/, ...) took 14775.6226ms
[debug] Load.apply: load took 14777.8092ms
[debug] Load.apply: resolveProjects took 0.169ms
[debug] Load.apply: finalTransforms took 7.4922ms
[debug] Load.apply: config.delegates took 0.5378ms
[debug] Load.apply: Def.make(settings)... took 377.2561ms
[debug] Load.apply: structureIndex took 26.2358ms
[debug] Load.apply: mkStreams took 0.003ms
[info] set current project to Spark.Partitioner (in build file:/E:/Spark_Core_main/)
[debug] > Exec(sbtPopOnFailure, None, None)
[debug] > Exec(resumeFromFailure, None, None)
[debug] > Exec(notifyUsersAboutShell, None, None)
[debug] > Exec(iflast shell, None, None)
[debug] > Exec(shell, None, None)
[info] sbt server started at local:sbt-server-cb78d90bead6482d1349
[info] started sbt server
