[debug] > Exec(early(addDefaultCommands), None, None)
[debug] > Exec(addDefaultCommands, None, None)
[debug] > Exec(early(initialize), None, None)
[debug] > Exec(initialize, None, None)
[debug] > Exec(early(addPluginSbtFile="""C:\Users\30778\AppData\Local\Temp\idea.sbt"""), None, None)
[debug] > Exec(addPluginSbtFile="""C:\Users\30778\AppData\Local\Temp\idea.sbt""", None, None)
[debug] > Exec(boot, None, None)
[debug] > Exec(writeSbtVersion, None, None)
[debug] > Exec(reload, None, None)
[debug] > Exec(sbtStashOnFailure, None, None)
[debug] > Exec(onFailure loadFailed, None, None)
[debug] > Exec(loadp, None, None)
[info] welcome to sbt 1.4.3 (Oracle Corporation Java 1.8.0_241)
[debug]       Load.loadUnit: plugins took 59.174ms
[debug]       Load.loadUnit: defsScala took 0.1699ms
[debug] [Loading] Scanning directory C:\Users\30778\.sbt\1.0\plugins
[debug] [Loading] Found non-root projects 
[debug] [Loading] Done in C:\Users\30778\.sbt\1.0\plugins, returning: ()
[debug] deducing auto plugins based on known facts Set(Atom(sbt.plugins.CorePlugin)) and clauses Clauses(List(Clause(Atom(sbt.plugins.JvmPlugin),Set(Atom(sbt.plugins.IvyPlugin))), Clause(Atom(sbt.ScriptedPlugin),Set(Atom(sbt.plugins.JvmPlugin))), Clause(Atom(sbt.plugins.SbtPlugin),Set(Atom(sbt.ScriptedPlugin))), Clause(Atom(sbt.plugins.SemanticdbPlugin),Set(Atom(sbt.plugins.JvmPlugin))), Clause(Atom(sbt.plugins.JUnitXmlReportPlugin),Set(Atom(sbt.plugins.JvmPlugin))), Clause(Atom(sbt.plugins.MiniDependencyTreePlugin),Set(Atom(sbt.plugins.JvmPlugin))), Clause(Atom(sbt.plugins.CorePlugin),Set(Atom(sbt.plugins.IvyPlugin))), Clause(Atom(sbt.plugins.IvyPlugin),Set(Atom(sbt.plugins.JvmPlugin))), Clause(Atom(sbt.plugins.JvmPlugin),Set(Atom(sbt.plugins.SemanticdbPlugin))), Clause(Atom(sbt.plugins.JvmPlugin),Set(Atom(sbt.plugins.JUnitXmlReportPlugin))), Clause(Atom(sbt.plugins.CorePlugin),Set(Atom(sbt.plugins.Giter8TemplatePlugin))), Clause(Atom(sbt.plugins.JvmPlugin),Set(Atom(sbt.plugins.MiniDependencyTreePlugin)))))
[debug]   :: deduced result: Matched(sbt.plugins.CorePlugin,sbt.plugins.Giter8TemplatePlugin,sbt.plugins.IvyPlugin,sbt.plugins.JvmPlugin,sbt.plugins.MiniDependencyTreePlugin,sbt.plugins.JUnitXmlReportPlugin,sbt.plugins.SemanticdbPlugin)
[debug] Plugins.deducer#function took 13.6252 ms
[debug]           Load.resolveProject(global-plugins) took 28.6623ms
[debug]         Load.loadTransitive: finalizeProject(Project(id global-plugins, base: C:\Users\30778\.sbt\1.0\plugins, plugins: List(<none>))) took 57.0702ms
[debug] [Loading] Done in C:\Users\30778\.sbt\1.0\plugins, returning: (global-plugins)
[debug]       Load.loadUnit: loadedProjectsRaw took 68.6664ms
[debug]       Load.loadUnit: cleanEvalClasses took 0.178ms
[debug]     Load.loadUnit(file:/C:/Users/30778/.sbt/1.0/plugins/, ...) took 132.8519ms
[debug]   Load.apply: load took 222.1505ms
[debug]   Load.apply: resolveProjects took 3.859ms
[debug]   Load.apply: finalTransforms took 43.5801ms
[debug]   Load.apply: config.delegates took 4.5351ms
[debug]   Load.apply: Def.make(settings)... took 487.1347ms
[debug]   Load.apply: structureIndex took 72.6266ms
[debug]   Load.apply: mkStreams took 2.1288ms
[info] loading global plugins from C:\Users\30778\.sbt\1.0\plugins
[debug] Running task... Cancel: Signal, check cycles: false, forcegc: true
[debug] Load.defaultLoad until apply took 1903.3031ms
[debug]           Load.loadUnit: plugins took 13.9612ms
[debug]           Load.loadUnit: defsScala took 0.0025ms
[debug] [Loading] Scanning directory E:\Spark_Core_main\project
[debug]             Load.loadUnit: mkEval took 4.6868ms
[debug] [Loading] Found non-root projects 
[debug] [Loading] Done in E:\Spark_Core_main\project, returning: ()
[debug] deducing auto plugins based on known facts Set(Atom(sbt.plugins.CorePlugin)) and clauses Clauses(List(Clause(Atom(sbt.plugins.JvmPlugin),Set(Atom(sbt.plugins.IvyPlugin))), Clause(Atom(sbt.ScriptedPlugin),Set(Atom(sbt.plugins.JvmPlugin))), Clause(Atom(sbt.plugins.SbtPlugin),Set(Atom(sbt.ScriptedPlugin))), Clause(Atom(sbt.plugins.SemanticdbPlugin),Set(Atom(sbt.plugins.JvmPlugin))), Clause(Atom(sbt.plugins.JUnitXmlReportPlugin),Set(Atom(sbt.plugins.JvmPlugin))), Clause(Atom(sbt.plugins.MiniDependencyTreePlugin),Set(Atom(sbt.plugins.JvmPlugin))), Clause(Atom(sbt.plugins.CorePlugin),Set(Atom(sbt.plugins.IvyPlugin))), Clause(Atom(sbt.plugins.IvyPlugin),Set(Atom(sbt.plugins.JvmPlugin))), Clause(Atom(sbt.plugins.JvmPlugin),Set(Atom(sbt.plugins.SemanticdbPlugin))), Clause(Atom(sbt.plugins.JvmPlugin),Set(Atom(sbt.plugins.JUnitXmlReportPlugin))), Clause(Atom(sbt.plugins.CorePlugin),Set(Atom(sbt.plugins.Giter8TemplatePlugin))), Clause(Atom(sbt.plugins.JvmPlugin),Set(Atom(sbt.plugins.MiniDependencyTreePlugin)))))
[debug]   :: deduced result: Matched(sbt.plugins.CorePlugin,sbt.plugins.Giter8TemplatePlugin,sbt.plugins.IvyPlugin,sbt.plugins.JvmPlugin,sbt.plugins.MiniDependencyTreePlugin,sbt.plugins.JUnitXmlReportPlugin,sbt.plugins.SemanticdbPlugin)
[debug] Plugins.deducer#function took 1.399 ms
[info] loading settings for project spark_core_main-build from idea.sbt ...
[debug]               Load.resolveProject(spark_core_main-build) took 2.3844ms
[debug]             Load.loadTransitive: finalizeProject(Project(id spark_core_main-build, base: E:\Spark_Core_main\project, plugins: List(<none>))) took 4.1368ms
[debug] [Loading] Done in E:\Spark_Core_main\project, returning: (spark_core_main-build)
[debug]           Load.loadUnit: loadedProjectsRaw took 1446.5624ms
[debug]           Load.loadUnit: cleanEvalClasses took 12.364ms
[debug]         Load.loadUnit(file:/E:/Spark_Core_main/project/, ...) took 1473.492ms
[debug]       Load.apply: load took 1474.2064ms
[debug]       Load.apply: resolveProjects took 0.1723ms
[debug]       Load.apply: finalTransforms took 5.7295ms
[debug]       Load.apply: config.delegates took 0.6437ms
[debug]       Load.apply: Def.make(settings)... took 88.0505ms
[debug]       Load.apply: structureIndex took 18.0001ms
[debug]       Load.apply: mkStreams took 0.0024ms
[info] loading project definition from E:\Spark_Core_main\project
[debug] Running task... Cancel: Signal, check cycles: false, forcegc: true
[debug]     Load.loadUnit: plugins took 4857.2598ms
[debug]     Load.loadUnit: defsScala took 0.002ms
[debug] [Loading] Scanning directory E:\Spark_Core_main
[debug]       Load.loadUnit: mkEval took 0.135ms
[debug] [Loading] Found non-root projects 
[debug] [Loading] Done in E:\Spark_Core_main, returning: ()
[debug] deducing auto plugins based on known facts Set(Atom(sbt.plugins.CorePlugin)) and clauses Clauses(List(Clause(Atom(sbt.plugins.JvmPlugin),Set(Atom(sbt.plugins.IvyPlugin))), Clause(Atom(sbt.ScriptedPlugin),Set(Atom(sbt.plugins.JvmPlugin))), Clause(Atom(sbt.plugins.SbtPlugin),Set(Atom(sbt.ScriptedPlugin))), Clause(Atom(sbt.plugins.SemanticdbPlugin),Set(Atom(sbt.plugins.JvmPlugin))), Clause(Atom(sbt.plugins.JUnitXmlReportPlugin),Set(Atom(sbt.plugins.JvmPlugin))), Clause(Atom(sbt.plugins.MiniDependencyTreePlugin),Set(Atom(sbt.plugins.JvmPlugin))), Clause(Atom(org.jetbrains.sbt.StructurePlugin),Set(Atom(sbt.plugins.JvmPlugin))), Clause(Atom(org.jetbrains.sbt.IdeaShellPlugin),Set(Atom(sbt.plugins.JvmPlugin))), Clause(Atom(org.jetbrains.sbt.indices.SbtIntellijIndicesPlugin),Set(Atom(sbt.plugins.JvmPlugin))), Clause(Atom(sbt.plugins.CorePlugin),Set(Atom(sbt.plugins.IvyPlugin))), Clause(Atom(sbt.plugins.IvyPlugin),Set(Atom(sbt.plugins.JvmPlugin))), Clause(Atom(sbt.plugins.JvmPlugin),Set(Atom(sbt.plugins.SemanticdbPlugin))), Clause(Atom(sbt.plugins.JvmPlugin),Set(Atom(sbt.plugins.JUnitXmlReportPlugin))), Clause(Atom(sbt.plugins.CorePlugin),Set(Atom(sbt.plugins.Giter8TemplatePlugin))), Clause(Atom(sbt.plugins.JvmPlugin),Set(Atom(sbt.plugins.MiniDependencyTreePlugin))), Clause(Atom(sbt.plugins.JvmPlugin),Set(Atom(org.jetbrains.sbt.StructurePlugin))), Clause(Atom(sbt.plugins.JvmPlugin),Set(Atom(org.jetbrains.sbt.IdeaShellPlugin))), Clause(And(Set(Atom(sbt.plugins.CorePlugin), Atom(sbt.plugins.JvmPlugin))),Set(Atom(org.jetbrains.sbt.indices.SbtIntellijIndicesPlugin)))))
[debug]   :: deduced result: Matched(sbt.plugins.CorePlugin,sbt.plugins.Giter8TemplatePlugin,sbt.plugins.IvyPlugin,sbt.plugins.JvmPlugin,sbt.plugins.SemanticdbPlugin,org.jetbrains.sbt.indices.SbtIntellijIndicesPlugin,sbt.plugins.JUnitXmlReportPlugin,org.jetbrains.sbt.IdeaShellPlugin,org.jetbrains.sbt.StructurePlugin,sbt.plugins.MiniDependencyTreePlugin)
[debug] Plugins.deducer#function took 1.1179 ms
[info] loading settings for project spark_core_main from build.sbt ...
[debug]         Load.resolveProject(spark_core_main) took 17.3165ms
[debug]       Load.loadTransitive: finalizeProject(Project(id spark_core_main, base: E:\Spark_Core_main, plugins: List(<none>))) took 19.1214ms
[debug] [Loading] Done in E:\Spark_Core_main, returning: (spark_core_main)
[debug]     Load.loadUnit: loadedProjectsRaw took 908.0964ms
[debug]     Load.loadUnit: cleanEvalClasses took 52.7048ms
[debug]   Load.loadUnit(file:/E:/Spark_Core_main/, ...) took 5818.6005ms
[debug] Load.apply: load took 5819.9643ms
[debug] Load.apply: resolveProjects took 0.1475ms
[debug] Load.apply: finalTransforms took 15.3407ms
[debug] Load.apply: config.delegates took 0.1611ms
[debug] Load.apply: Def.make(settings)... took 37.8364ms
[debug] Load.apply: structureIndex took 11.8208ms
[debug] Load.apply: mkStreams took 0.004ms
[info] set current project to Spark.Partitioner (in build file:/E:/Spark_Core_main/)
[debug] > Exec(sbtPopOnFailure, None, None)
[debug] > Exec(resumeFromFailure, None, None)
[debug] > Exec(notifyUsersAboutShell, None, None)
[debug] > Exec(iflast shell, None, None)
[debug] > Exec(; set ideaPort in Global := 58339 ; idea-shell, None, None)
[debug] > Exec(set ideaPort in Global := 58339, None, None)
[info] Defining Global / ideaPort
[info] The new value will be used by Compile / compile, Test / compile
[debug] Defining 
[debug] 	Global / ideaPort
[debug] 
[debug] The new value will be used by 
[debug] 	Compile / compile
[debug] 	Test / compile
[info] Reapplying settings...
[info] set current project to Spark.Partitioner (in build file:/E:/Spark_Core_main/)
[debug] > Exec(idea-shell, None, None)
