[debug] > Exec(early(addDefaultCommands), None, None)
[debug] > Exec(addDefaultCommands, None, None)
[debug] > Exec(early(initialize), None, None)
[debug] > Exec(initialize, None, None)
[debug] > Exec(boot, None, None)
[debug] > Exec(writeSbtVersion, None, None)
[debug] > Exec(reload, None, None)
[debug] > Exec(sbtStashOnFailure, None, None)
[debug] > Exec(onFailure loadFailed, None, None)
[debug] > Exec(loadp, None, None)
[info] welcome to sbt 1.4.3 (Oracle Corporation Java 1.8.0_241)
[debug]       Load.loadUnit: plugins took 167.443ms
[debug]       Load.loadUnit: defsScala took 0.1996ms
[debug] [Loading] Scanning directory C:\Users\30778\.sbt\1.0\plugins
[debug] [Loading] Found non-root projects 
[debug] [Loading] Done in C:\Users\30778\.sbt\1.0\plugins, returning: ()
[debug] deducing auto plugins based on known facts Set(Atom(sbt.plugins.CorePlugin)) and clauses Clauses(List(Clause(Atom(sbt.plugins.JvmPlugin),Set(Atom(sbt.plugins.IvyPlugin))), Clause(Atom(sbt.ScriptedPlugin),Set(Atom(sbt.plugins.JvmPlugin))), Clause(Atom(sbt.plugins.SbtPlugin),Set(Atom(sbt.ScriptedPlugin))), Clause(Atom(sbt.plugins.SemanticdbPlugin),Set(Atom(sbt.plugins.JvmPlugin))), Clause(Atom(sbt.plugins.JUnitXmlReportPlugin),Set(Atom(sbt.plugins.JvmPlugin))), Clause(Atom(sbt.plugins.MiniDependencyTreePlugin),Set(Atom(sbt.plugins.JvmPlugin))), Clause(Atom(sbt.plugins.CorePlugin),Set(Atom(sbt.plugins.IvyPlugin))), Clause(Atom(sbt.plugins.IvyPlugin),Set(Atom(sbt.plugins.JvmPlugin))), Clause(Atom(sbt.plugins.JvmPlugin),Set(Atom(sbt.plugins.SemanticdbPlugin))), Clause(Atom(sbt.plugins.JvmPlugin),Set(Atom(sbt.plugins.JUnitXmlReportPlugin))), Clause(Atom(sbt.plugins.CorePlugin),Set(Atom(sbt.plugins.Giter8TemplatePlugin))), Clause(Atom(sbt.plugins.JvmPlugin),Set(Atom(sbt.plugins.MiniDependencyTreePlugin)))))
[debug]   :: deduced result: Matched(sbt.plugins.CorePlugin,sbt.plugins.Giter8TemplatePlugin,sbt.plugins.IvyPlugin,sbt.plugins.JvmPlugin,sbt.plugins.MiniDependencyTreePlugin,sbt.plugins.JUnitXmlReportPlugin,sbt.plugins.SemanticdbPlugin)
[debug] Plugins.deducer#function took 13.4379 ms
[debug]           Load.resolveProject(global-plugins) took 35.5666ms
[debug]         Load.loadTransitive: finalizeProject(Project(id global-plugins, base: C:\Users\30778\.sbt\1.0\plugins, plugins: List(<none>))) took 67.2093ms
[debug] [Loading] Done in C:\Users\30778\.sbt\1.0\plugins, returning: (global-plugins)
[debug]       Load.loadUnit: loadedProjectsRaw took 3387.7129ms
[debug]       Load.loadUnit: cleanEvalClasses took 0.1826ms
[debug]     Load.loadUnit(file:/C:/Users/30778/.sbt/1.0/plugins/, ...) took 3560.8044ms
[debug]   Load.apply: load took 3698.4715ms
[debug]   Load.apply: resolveProjects took 3.0908ms
[debug]   Load.apply: finalTransforms took 69.5432ms
[debug]   Load.apply: config.delegates took 5.1598ms
[debug]   Load.apply: Def.make(settings)... took 1437.3174ms
[debug]   Load.apply: structureIndex took 101.0503ms
[debug]   Load.apply: mkStreams took 1.0952ms
[info] loading global plugins from C:\Users\30778\.sbt\1.0\plugins
[debug] Running task... Cancel: Signal, check cycles: false, forcegc: true
[debug] Load.defaultLoad until apply took 8133.2022ms
[debug]           Load.loadUnit: plugins took 25.0434ms
[debug]           Load.loadUnit: defsScala took 0.0019ms
[debug] [Loading] Scanning directory E:\Spark_Core_main\project
[debug] [Loading] Found non-root projects 
[debug] [Loading] Done in E:\Spark_Core_main\project, returning: ()
[debug] deducing auto plugins based on known facts Set(Atom(sbt.plugins.CorePlugin)) and clauses Clauses(List(Clause(Atom(sbt.plugins.JvmPlugin),Set(Atom(sbt.plugins.IvyPlugin))), Clause(Atom(sbt.ScriptedPlugin),Set(Atom(sbt.plugins.JvmPlugin))), Clause(Atom(sbt.plugins.SbtPlugin),Set(Atom(sbt.ScriptedPlugin))), Clause(Atom(sbt.plugins.SemanticdbPlugin),Set(Atom(sbt.plugins.JvmPlugin))), Clause(Atom(sbt.plugins.JUnitXmlReportPlugin),Set(Atom(sbt.plugins.JvmPlugin))), Clause(Atom(sbt.plugins.MiniDependencyTreePlugin),Set(Atom(sbt.plugins.JvmPlugin))), Clause(Atom(sbt.plugins.CorePlugin),Set(Atom(sbt.plugins.IvyPlugin))), Clause(Atom(sbt.plugins.IvyPlugin),Set(Atom(sbt.plugins.JvmPlugin))), Clause(Atom(sbt.plugins.JvmPlugin),Set(Atom(sbt.plugins.SemanticdbPlugin))), Clause(Atom(sbt.plugins.JvmPlugin),Set(Atom(sbt.plugins.JUnitXmlReportPlugin))), Clause(Atom(sbt.plugins.CorePlugin),Set(Atom(sbt.plugins.Giter8TemplatePlugin))), Clause(Atom(sbt.plugins.JvmPlugin),Set(Atom(sbt.plugins.MiniDependencyTreePlugin)))))
[debug]   :: deduced result: Matched(sbt.plugins.CorePlugin,sbt.plugins.Giter8TemplatePlugin,sbt.plugins.IvyPlugin,sbt.plugins.JvmPlugin,sbt.plugins.MiniDependencyTreePlugin,sbt.plugins.JUnitXmlReportPlugin,sbt.plugins.SemanticdbPlugin)
[debug] Plugins.deducer#function took 2.3262 ms
[debug]               Load.resolveProject(spark_core_main-build) took 0.8818ms
[debug]             Load.loadTransitive: finalizeProject(Project(id spark_core_main-build, base: E:\Spark_Core_main\project, plugins: List(<none>))) took 3.5193ms
[debug] [Loading] Done in E:\Spark_Core_main\project, returning: (spark_core_main-build)
[debug]           Load.loadUnit: loadedProjectsRaw took 5.1684ms
[debug]           Load.loadUnit: cleanEvalClasses took 0.0064ms
[debug]         Load.loadUnit(file:/E:/Spark_Core_main/project/, ...) took 30.6364ms
[debug]       Load.apply: load took 31.416ms
[debug]       Load.apply: resolveProjects took 0.0568ms
[debug]       Load.apply: finalTransforms took 29.8231ms
[debug]       Load.apply: config.delegates took 8.3539ms
[debug]       Load.apply: Def.make(settings)... took 84.3291ms
[debug]       Load.apply: structureIndex took 20.4487ms
[debug]       Load.apply: mkStreams took 0.002ms
[info] loading project definition from E:\Spark_Core_main\project
[debug] Running task... Cancel: Signal, check cycles: false, forcegc: true
